2014-07-26 0:54:36 - PHP Notice:  Undefined index: type_id in /home/klen/ocstore.obedkin.ru/catalog/model/catalog/review.php on line 4
2014-07-26 0:54:49 - PHP Notice:  Undefined index: type_id in /home/klen/ocstore.obedkin.ru/catalog/model/catalog/review.php on line 4
2014-07-26 0:54:50 - PHP Notice:  Undefined index: type_id in /home/klen/ocstore.obedkin.ru/catalog/model/catalog/review.php on line 4
2014-07-26 0:54:50 - PHP Notice:  Undefined index: type_id in /home/klen/ocstore.obedkin.ru/catalog/model/catalog/review.php on line 4
2014-07-26 0:54:51 - PHP Notice:  Undefined index: type_id in /home/klen/ocstore.obedkin.ru/catalog/model/catalog/review.php on line 4
2014-07-26 0:55:40 - PHP Notice:  Undefined index: type_id in /home/klen/ocstore.obedkin.ru/catalog/model/catalog/review.php on line 4
2014-07-26 0:56:47 - PHP Notice:  Undefined index: type_id in /home/klen/ocstore.obedkin.ru/catalog/model/catalog/review.php on line 4
2014-07-26 0:56:52 - PHP Notice:  Undefined index: type_id in /home/klen/ocstore.obedkin.ru/catalog/model/catalog/review.php on line 4
2014-07-26 0:56:53 - PHP Notice:  Undefined index: type_id in /home/klen/ocstore.obedkin.ru/catalog/model/catalog/review.php on line 4
2014-07-26 0:56:54 - PHP Notice:  Undefined index: type_id in /home/klen/ocstore.obedkin.ru/catalog/model/catalog/review.php on line 4
2014-07-26 12:06:27 - PHP Notice:  Undefined variable: languages in /home/klen/ocstore.obedkin.ru/catalog/view/theme/default/template/product/product.tpl on line 481
2014-07-26 12:06:27 - PHP Warning:  Invalid argument supplied for foreach() in /home/klen/ocstore.obedkin.ru/catalog/view/theme/default/template/product/product.tpl on line 481
2014-07-26 12:07:37 - PHP Notice:  Undefined variable: languages in /home/klen/ocstore.obedkin.ru/catalog/view/theme/default/template/product/product.tpl on line 481
2014-07-26 12:07:37 - PHP Warning:  Invalid argument supplied for foreach() in /home/klen/ocstore.obedkin.ru/catalog/view/theme/default/template/product/product.tpl on line 481
2014-07-26 12:08:03 - PHP Notice:  Undefined variable: languages in /home/klen/ocstore.obedkin.ru/catalog/view/theme/default/template/product/product.tpl on line 481
2014-07-26 12:08:03 - PHP Warning:  Invalid argument supplied for foreach() in /home/klen/ocstore.obedkin.ru/catalog/view/theme/default/template/product/product.tpl on line 481
2014-07-26 12:09:03 - PHP Notice:  Undefined variable: token in /home/klen/ocstore.obedkin.ru/catalog/view/theme/default/template/product/product.tpl on line 482
2014-07-26 12:09:03 - PHP Notice:  Undefined variable: token in /home/klen/ocstore.obedkin.ru/catalog/view/theme/default/template/product/product.tpl on line 483
2014-07-26 12:09:03 - PHP Notice:  Undefined variable: token in /home/klen/ocstore.obedkin.ru/catalog/view/theme/default/template/product/product.tpl on line 484
2014-07-26 12:09:03 - PHP Notice:  Undefined variable: token in /home/klen/ocstore.obedkin.ru/catalog/view/theme/default/template/product/product.tpl on line 485
2014-07-26 12:09:03 - PHP Notice:  Undefined variable: token in /home/klen/ocstore.obedkin.ru/catalog/view/theme/default/template/product/product.tpl on line 486
2014-07-26 12:09:03 - PHP Notice:  Undefined variable: token in /home/klen/ocstore.obedkin.ru/catalog/view/theme/default/template/product/product.tpl on line 487
2014-07-26 12:09:46 - PHP Notice:  Undefined variable: token in /home/klen/ocstore.obedkin.ru/catalog/view/theme/default/template/product/product.tpl on line 481
2014-07-26 12:09:46 - PHP Notice:  Undefined variable: token in /home/klen/ocstore.obedkin.ru/catalog/view/theme/default/template/product/product.tpl on line 482
2014-07-26 12:09:46 - PHP Notice:  Undefined variable: token in /home/klen/ocstore.obedkin.ru/catalog/view/theme/default/template/product/product.tpl on line 483
2014-07-26 12:09:46 - PHP Notice:  Undefined variable: token in /home/klen/ocstore.obedkin.ru/catalog/view/theme/default/template/product/product.tpl on line 484
2014-07-26 12:09:46 - PHP Notice:  Undefined variable: token in /home/klen/ocstore.obedkin.ru/catalog/view/theme/default/template/product/product.tpl on line 485
2014-07-26 12:09:46 - PHP Notice:  Undefined variable: token in /home/klen/ocstore.obedkin.ru/catalog/view/theme/default/template/product/product.tpl on line 486
2014-07-26 12:20:29 - PHP Notice:  Undefined variable: token in /home/klen/ocstore.obedkin.ru/catalog/view/theme/default/template/product/product.tpl on line 481
2014-07-26 12:20:29 - PHP Notice:  Undefined variable: token in /home/klen/ocstore.obedkin.ru/catalog/view/theme/default/template/product/product.tpl on line 482
2014-07-26 12:20:29 - PHP Notice:  Undefined variable: token in /home/klen/ocstore.obedkin.ru/catalog/view/theme/default/template/product/product.tpl on line 483
2014-07-26 12:20:29 - PHP Notice:  Undefined variable: token in /home/klen/ocstore.obedkin.ru/catalog/view/theme/default/template/product/product.tpl on line 484
2014-07-26 12:20:29 - PHP Notice:  Undefined variable: token in /home/klen/ocstore.obedkin.ru/catalog/view/theme/default/template/product/product.tpl on line 485
2014-07-26 12:20:29 - PHP Notice:  Undefined variable: token in /home/klen/ocstore.obedkin.ru/catalog/view/theme/default/template/product/product.tpl on line 486
2014-07-26 12:33:46 - PHP Notice:  Undefined variable: token in /home/klen/ocstore.obedkin.ru/catalog/view/theme/default/template/product/product.tpl on line 481
2014-07-26 12:33:46 - PHP Notice:  Undefined variable: token in /home/klen/ocstore.obedkin.ru/catalog/view/theme/default/template/product/product.tpl on line 482
2014-07-26 12:33:46 - PHP Notice:  Undefined variable: token in /home/klen/ocstore.obedkin.ru/catalog/view/theme/default/template/product/product.tpl on line 483
2014-07-26 12:33:46 - PHP Notice:  Undefined variable: token in /home/klen/ocstore.obedkin.ru/catalog/view/theme/default/template/product/product.tpl on line 484
2014-07-26 12:33:46 - PHP Notice:  Undefined variable: token in /home/klen/ocstore.obedkin.ru/catalog/view/theme/default/template/product/product.tpl on line 485
2014-07-26 12:33:46 - PHP Notice:  Undefined variable: token in /home/klen/ocstore.obedkin.ru/catalog/view/theme/default/template/product/product.tpl on line 486
2014-07-26 12:38:37 - PHP Notice:  Undefined variable: token in /home/klen/ocstore.obedkin.ru/catalog/view/theme/default/template/product/product.tpl on line 481
2014-07-26 12:38:37 - PHP Notice:  Undefined variable: token in /home/klen/ocstore.obedkin.ru/catalog/view/theme/default/template/product/product.tpl on line 482
2014-07-26 12:38:37 - PHP Notice:  Undefined variable: token in /home/klen/ocstore.obedkin.ru/catalog/view/theme/default/template/product/product.tpl on line 483
2014-07-26 12:38:37 - PHP Notice:  Undefined variable: token in /home/klen/ocstore.obedkin.ru/catalog/view/theme/default/template/product/product.tpl on line 484
2014-07-26 12:38:37 - PHP Notice:  Undefined variable: token in /home/klen/ocstore.obedkin.ru/catalog/view/theme/default/template/product/product.tpl on line 485
2014-07-26 12:38:37 - PHP Notice:  Undefined variable: token in /home/klen/ocstore.obedkin.ru/catalog/view/theme/default/template/product/product.tpl on line 486
2014-07-26 22:24:47 - PHP Notice:  Undefined index: type_id in /home/klen/ocstore.obedkin.ru/catalog/view/theme/default/template/product/review.tpl on line 10
2014-07-26 22:24:47 - PHP Notice:  Undefined index: type_id in /home/klen/ocstore.obedkin.ru/catalog/view/theme/default/template/product/review.tpl on line 10
2014-07-26 22:24:47 - PHP Notice:  Undefined index: type_id in /home/klen/ocstore.obedkin.ru/catalog/view/theme/default/template/product/review.tpl on line 10
2014-07-26 22:24:47 - PHP Notice:  Undefined index: type_id in /home/klen/ocstore.obedkin.ru/catalog/view/theme/default/template/product/review.tpl on line 10
2014-07-26 22:24:47 - PHP Notice:  Undefined index: type_id in /home/klen/ocstore.obedkin.ru/catalog/view/theme/default/template/product/review.tpl on line 10
2014-07-26 22:24:47 - PHP Notice:  Undefined index: type_id in /home/klen/ocstore.obedkin.ru/catalog/view/theme/default/template/product/review.tpl on line 10
2014-07-26 22:24:47 - PHP Notice:  Undefined index: type_id in /home/klen/ocstore.obedkin.ru/catalog/view/theme/default/template/product/review.tpl on line 10
2014-07-26 22:24:47 - PHP Notice:  Undefined index: type_id in /home/klen/ocstore.obedkin.ru/catalog/view/theme/default/template/product/review.tpl on line 10
2014-07-26 22:24:47 - PHP Notice:  Undefined index: type_id in /home/klen/ocstore.obedkin.ru/catalog/view/theme/default/template/product/review.tpl on line 10
2014-07-26 22:24:47 - PHP Notice:  Undefined index: type_id in /home/klen/ocstore.obedkin.ru/catalog/view/theme/default/template/product/review.tpl on line 10
2014-07-26 22:24:47 - PHP Notice:  Undefined index: type_id in /home/klen/ocstore.obedkin.ru/catalog/view/theme/default/template/product/review.tpl on line 10
2014-07-26 22:24:47 - PHP Notice:  Undefined index: type_id in /home/klen/ocstore.obedkin.ru/catalog/view/theme/default/template/product/review.tpl on line 10
2014-07-26 22:26:02 - PHP Notice:  Undefined index: type_id in /home/klen/ocstore.obedkin.ru/catalog/view/theme/default/template/product/review.tpl on line 10
2014-07-26 22:26:02 - PHP Notice:  Undefined index: type_id in /home/klen/ocstore.obedkin.ru/catalog/view/theme/default/template/product/review.tpl on line 10
2014-07-26 22:26:02 - PHP Notice:  Undefined index: type_id in /home/klen/ocstore.obedkin.ru/catalog/view/theme/default/template/product/review.tpl on line 10
2014-07-26 22:26:02 - PHP Notice:  Undefined index: type_id in /home/klen/ocstore.obedkin.ru/catalog/view/theme/default/template/product/review.tpl on line 10
2014-07-26 22:26:02 - PHP Notice:  Undefined index: type_id in /home/klen/ocstore.obedkin.ru/catalog/view/theme/default/template/product/review.tpl on line 10
2014-07-26 22:26:02 - PHP Notice:  Undefined index: type_id in /home/klen/ocstore.obedkin.ru/catalog/view/theme/default/template/product/review.tpl on line 10
2014-07-26 22:26:02 - PHP Notice:  Undefined index: type_id in /home/klen/ocstore.obedkin.ru/catalog/view/theme/default/template/product/review.tpl on line 10
2014-07-26 22:26:02 - PHP Notice:  Undefined index: type_id in /home/klen/ocstore.obedkin.ru/catalog/view/theme/default/template/product/review.tpl on line 10
2014-07-26 22:26:02 - PHP Notice:  Undefined index: type_id in /home/klen/ocstore.obedkin.ru/catalog/view/theme/default/template/product/review.tpl on line 10
2014-07-26 22:26:02 - PHP Notice:  Undefined index: type_id in /home/klen/ocstore.obedkin.ru/catalog/view/theme/default/template/product/review.tpl on line 10
2014-07-26 22:26:02 - PHP Notice:  Undefined index: type_id in /home/klen/ocstore.obedkin.ru/catalog/view/theme/default/template/product/review.tpl on line 10
2014-07-26 22:26:02 - PHP Notice:  Undefined index: type_id in /home/klen/ocstore.obedkin.ru/catalog/view/theme/default/template/product/review.tpl on line 10
2014-07-26 22:26:59 - PHP Notice:  Undefined index: type_id in /home/klen/ocstore.obedkin.ru/catalog/view/theme/default/template/product/review.tpl on line 10
2014-07-26 22:26:59 - PHP Notice:  Undefined index: type_id in /home/klen/ocstore.obedkin.ru/catalog/view/theme/default/template/product/review.tpl on line 10
2014-07-26 22:26:59 - PHP Notice:  Undefined index: type_id in /home/klen/ocstore.obedkin.ru/catalog/view/theme/default/template/product/review.tpl on line 10
2014-07-26 22:26:59 - PHP Notice:  Undefined index: type_id in /home/klen/ocstore.obedkin.ru/catalog/view/theme/default/template/product/review.tpl on line 10
2014-07-26 22:26:59 - PHP Notice:  Undefined index: type_id in /home/klen/ocstore.obedkin.ru/catalog/view/theme/default/template/product/review.tpl on line 10
2014-07-26 22:26:59 - PHP Notice:  Undefined index: type_id in /home/klen/ocstore.obedkin.ru/catalog/view/theme/default/template/product/review.tpl on line 10
2014-07-26 22:26:59 - PHP Notice:  Undefined index: type_id in /home/klen/ocstore.obedkin.ru/catalog/view/theme/default/template/product/review.tpl on line 10
2014-07-26 22:26:59 - PHP Notice:  Undefined index: type_id in /home/klen/ocstore.obedkin.ru/catalog/view/theme/default/template/product/review.tpl on line 10
2014-07-26 22:26:59 - PHP Notice:  Undefined index: type_id in /home/klen/ocstore.obedkin.ru/catalog/view/theme/default/template/product/review.tpl on line 10
2014-07-26 22:26:59 - PHP Notice:  Undefined index: type_id in /home/klen/ocstore.obedkin.ru/catalog/view/theme/default/template/product/review.tpl on line 10
2014-07-26 22:26:59 - PHP Notice:  Undefined index: type_id in /home/klen/ocstore.obedkin.ru/catalog/view/theme/default/template/product/review.tpl on line 10
2014-07-26 22:26:59 - PHP Notice:  Undefined index: type_id in /home/klen/ocstore.obedkin.ru/catalog/view/theme/default/template/product/review.tpl on line 10
2014-07-26 22:27:50 - PHP Notice:  Undefined variable: reusl in /home/klen/ocstore.obedkin.ru/catalog/controller/product/product.php on line 594
2014-07-26 22:27:50 - PHP Notice:  Undefined variable: reusl in /home/klen/ocstore.obedkin.ru/catalog/controller/product/product.php on line 594
2014-07-26 22:27:50 - PHP Notice:  Undefined variable: reusl in /home/klen/ocstore.obedkin.ru/catalog/controller/product/product.php on line 594
2014-07-26 22:27:50 - PHP Notice:  Undefined variable: reusl in /home/klen/ocstore.obedkin.ru/catalog/controller/product/product.php on line 594
2014-07-26 22:27:50 - PHP Notice:  Undefined variable: reusl in /home/klen/ocstore.obedkin.ru/catalog/controller/product/product.php on line 594
2014-07-26 22:27:50 - PHP Notice:  Undefined variable: reusl in /home/klen/ocstore.obedkin.ru/catalog/controller/product/product.php on line 594
2014-07-26 22:27:50 - PHP Notice:  Undefined variable: reusl in /home/klen/ocstore.obedkin.ru/catalog/controller/product/product.php on line 594
2014-07-26 22:27:50 - PHP Notice:  Undefined variable: reusl in /home/klen/ocstore.obedkin.ru/catalog/controller/product/product.php on line 594
2014-07-26 22:27:50 - PHP Notice:  Undefined variable: reusl in /home/klen/ocstore.obedkin.ru/catalog/controller/product/product.php on line 594
2014-07-26 22:27:50 - PHP Notice:  Undefined variable: reusl in /home/klen/ocstore.obedkin.ru/catalog/controller/product/product.php on line 594
2014-07-26 22:27:50 - PHP Notice:  Undefined variable: reusl in /home/klen/ocstore.obedkin.ru/catalog/controller/product/product.php on line 594
2014-07-26 22:27:50 - PHP Notice:  Undefined variable: reusl in /home/klen/ocstore.obedkin.ru/catalog/controller/product/product.php on line 594
2014-07-26 22:41:44 - PHP Notice:  Undefined variable: text_write in /home/klen/ocstore.obedkin.ru/catalog/view/theme/default/template/product/review.tpl on line 42
2014-07-26 22:41:44 - PHP Notice:  Undefined variable: entry_name in /home/klen/ocstore.obedkin.ru/catalog/view/theme/default/template/product/review.tpl on line 43
2014-07-26 22:41:44 - PHP Notice:  Undefined variable: entry_review in /home/klen/ocstore.obedkin.ru/catalog/view/theme/default/template/product/review.tpl on line 47
2014-07-26 22:41:44 - PHP Notice:  Undefined variable: text_note in /home/klen/ocstore.obedkin.ru/catalog/view/theme/default/template/product/review.tpl on line 49
2014-07-26 22:41:44 - PHP Notice:  Undefined variable: entry_rating in /home/klen/ocstore.obedkin.ru/catalog/view/theme/default/template/product/review.tpl on line 51
2014-07-26 22:41:44 - PHP Notice:  Undefined variable: entry_bad in /home/klen/ocstore.obedkin.ru/catalog/view/theme/default/template/product/review.tpl on line 51
2014-07-26 22:41:44 - PHP Notice:  Undefined variable: entry_good in /home/klen/ocstore.obedkin.ru/catalog/view/theme/default/template/product/review.tpl on line 61
2014-07-26 22:41:44 - PHP Notice:  Undefined variable: entry_captcha in /home/klen/ocstore.obedkin.ru/catalog/view/theme/default/template/product/review.tpl on line 63
2014-07-26 22:41:44 - PHP Notice:  Undefined variable: button_continue in /home/klen/ocstore.obedkin.ru/catalog/view/theme/default/template/product/review.tpl on line 70
2014-07-26 22:44:03 - PHP Notice:  Undefined variable: text_note in /home/klen/ocstore.obedkin.ru/catalog/view/theme/default/template/product/review.tpl on line 49
2014-07-26 22:44:03 - PHP Notice:  Undefined variable: entry_captcha in /home/klen/ocstore.obedkin.ru/catalog/view/theme/default/template/product/review.tpl on line 63
2014-07-26 22:44:57 - PHP Notice:  Undefined variable: text_note in /home/klen/ocstore.obedkin.ru/catalog/view/theme/default/template/product/review.tpl on line 49
2014-07-27 1:38:05 - PHP Notice:  Undefined index: name in /home/klen/ocstore.obedkin.ru/catalog/view/theme/default/template/product/review.tpl on line 22
2014-07-27 1:38:13 - PHP Notice:  Undefined index: name in /home/klen/ocstore.obedkin.ru/catalog/view/theme/default/template/product/review.tpl on line 22
2014-07-27 22:27:44 - PHP Notice:  Undefined index: v in /home/klen/ocstore.obedkin.ru/catalog/view/theme/default/template/product/review.tpl on line 35
2014-07-27 22:29:45 - PHP Notice:  Undefined index: v in /home/klen/ocstore.obedkin.ru/catalog/view/theme/default/template/product/review.tpl on line 35
2014-07-27 22:35:50 - PHP Notice:  Undefined index: v in /home/klen/ocstore.obedkin.ru/catalog/view/theme/default/template/product/review.tpl on line 35
2014-07-27 22:39:15 - PHP Notice:  Undefined index: v in /home/klen/ocstore.obedkin.ru/catalog/view/theme/default/template/product/review.tpl on line 35
2014-07-27 23:16:08 - PHP Notice:  Undefined variable: type_id in /home/klen/ocstore.obedkin.ru/admin/view/template/catalog/review_form.tpl on line 17
2014-07-27 23:23:34 - PHP Notice:  Undefined variable: type_id in /home/klen/ocstore.obedkin.ru/admin/view/template/catalog/review_form.tpl on line 17
2014-07-27 23:25:38 - PHP Notice:  Undefined variable: review_info in /home/klen/ocstore.obedkin.ru/admin/controller/catalog/review.php on line 433
2014-07-27 23:27:03 - PHP Notice:  Undefined variable: review_info in /home/klen/ocstore.obedkin.ru/admin/controller/catalog/review.php on line 433
2014-07-27 23:28:22 - PHP Notice:  Undefined index: type_id in /home/klen/ocstore.obedkin.ru/admin/model/catalog/review.php on line 4
2014-07-27 23:28:22 - PHP Warning:  Cannot modify header information - headers already sent by (output started at /home/klen/ocstore.obedkin.ru/admin/index.php:82) in /home/klen/ocstore.obedkin.ru/system/engine/controller.php on line 28
2014-07-27 23:28:22 - PHP Warning:  Cannot modify header information - headers already sent by (output started at /home/klen/ocstore.obedkin.ru/admin/index.php:82) in /home/klen/ocstore.obedkin.ru/system/engine/controller.php on line 29
2014-07-27 23:29:23 - PHP Notice:  Undefined index: type_id in /home/klen/ocstore.obedkin.ru/admin/model/catalog/review.php on line 4
2014-07-27 23:29:23 - PHP Warning:  Cannot modify header information - headers already sent by (output started at /home/klen/ocstore.obedkin.ru/admin/index.php:82) in /home/klen/ocstore.obedkin.ru/system/engine/controller.php on line 28
2014-07-27 23:29:23 - PHP Warning:  Cannot modify header information - headers already sent by (output started at /home/klen/ocstore.obedkin.ru/admin/index.php:82) in /home/klen/ocstore.obedkin.ru/system/engine/controller.php on line 29
2014-07-27 23:33:50 - PHP Notice:  Undefined index: type_id in /home/klen/ocstore.obedkin.ru/admin/model/catalog/review.php on line 4
2014-07-27 23:33:50 - PHP Warning:  Cannot modify header information - headers already sent by (output started at /home/klen/ocstore.obedkin.ru/admin/index.php:82) in /home/klen/ocstore.obedkin.ru/system/engine/controller.php on line 28
2014-07-27 23:33:50 - PHP Warning:  Cannot modify header information - headers already sent by (output started at /home/klen/ocstore.obedkin.ru/admin/index.php:82) in /home/klen/ocstore.obedkin.ru/system/engine/controller.php on line 29
2014-07-27 23:34:05 - PHP Notice:  Undefined index: type_id in /home/klen/ocstore.obedkin.ru/admin/model/catalog/review.php on line 4
2014-07-27 23:34:05 - PHP Warning:  Cannot modify header information - headers already sent by (output started at /home/klen/ocstore.obedkin.ru/admin/index.php:82) in /home/klen/ocstore.obedkin.ru/system/engine/controller.php on line 28
2014-07-27 23:34:05 - PHP Warning:  Cannot modify header information - headers already sent by (output started at /home/klen/ocstore.obedkin.ru/admin/index.php:82) in /home/klen/ocstore.obedkin.ru/system/engine/controller.php on line 29
2014-07-27 23:34:39 - PHP Notice:  Undefined index: type_id in /home/klen/ocstore.obedkin.ru/admin/model/catalog/review.php on line 4
2014-07-27 23:34:39 - PHP Warning:  Cannot modify header information - headers already sent by (output started at /home/klen/ocstore.obedkin.ru/admin/index.php:82) in /home/klen/ocstore.obedkin.ru/system/engine/controller.php on line 28
2014-07-27 23:34:39 - PHP Warning:  Cannot modify header information - headers already sent by (output started at /home/klen/ocstore.obedkin.ru/admin/index.php:82) in /home/klen/ocstore.obedkin.ru/system/engine/controller.php on line 29
2014-07-27 23:36:23 - PHP Notice:  Undefined index: type_id in /home/klen/ocstore.obedkin.ru/admin/model/catalog/review.php on line 4
2014-07-27 23:36:23 - PHP Warning:  Cannot modify header information - headers already sent by (output started at /home/klen/ocstore.obedkin.ru/admin/index.php:82) in /home/klen/ocstore.obedkin.ru/system/engine/controller.php on line 28
2014-07-27 23:36:23 - PHP Warning:  Cannot modify header information - headers already sent by (output started at /home/klen/ocstore.obedkin.ru/admin/index.php:82) in /home/klen/ocstore.obedkin.ru/system/engine/controller.php on line 29
2014-07-27 23:50:28 - PHP Notice:  Undefined variable: review in /home/klen/ocstore.obedkin.ru/admin/view/template/catalog/review_form.tpl on line 45
2014-07-27 23:50:28 - PHP Notice:  Undefined index: v in /home/klen/ocstore.obedkin.ru/admin/view/template/catalog/review_form.tpl on line 46
2014-07-28 0:21:47 - PHP Notice:  Undefined variable: review_info in /home/klen/ocstore.obedkin.ru/admin/controller/catalog/review.php on line 438
2014-07-28 0:24:03 - PHP Notice:  Undefined variable: review_info in /home/klen/ocstore.obedkin.ru/admin/controller/catalog/review.php on line 438
2014-07-28 0:24:35 - PHP Notice:  Undefined variable: review_info in /home/klen/ocstore.obedkin.ru/admin/controller/catalog/review.php on line 438
2014-07-28 0:28:42 - PHP Notice:  Undefined variable: review_info in /home/klen/ocstore.obedkin.ru/admin/controller/catalog/review.php on line 438
2014-07-28 0:28:56 - PHP Notice:  Undefined variable: review_info in /home/klen/ocstore.obedkin.ru/admin/controller/catalog/review.php on line 438
2014-07-28 0:39:13 - PHP Notice:  Undefined variable: review_info in /home/klen/ocstore.obedkin.ru/admin/controller/catalog/review.php on line 438
2014-07-28 0:42:35 - PHP Warning:  session_start() [<a href='function.session-start'>function.session-start</a>]: Cannot send session cache limiter - headers already sent (output started at /home/klen/ocstore.obedkin.ru/index.php:2) in /home/klen/ocstore.obedkin.ru/system/library/session.php on line 11
2014-07-28 0:42:36 - PHP Warning:  session_start() [<a href='function.session-start'>function.session-start</a>]: Cannot send session cache limiter - headers already sent (output started at /home/klen/ocstore.obedkin.ru/index.php:2) in /home/klen/ocstore.obedkin.ru/system/library/session.php on line 11
2014-07-28 0:42:36 - PHP Warning:  session_start() [<a href='function.session-start'>function.session-start</a>]: Cannot send session cache limiter - headers already sent (output started at /home/klen/ocstore.obedkin.ru/index.php:2) in /home/klen/ocstore.obedkin.ru/system/library/session.php on line 11
2014-07-28 0:42:36 - PHP Warning:  Cannot modify header information - headers already sent by (output started at /home/klen/ocstore.obedkin.ru/index.php:2) in /home/klen/ocstore.obedkin.ru/system/library/captcha.php on line 40
